TN:
SF:index.js
FNF:0
FNH:0
DA:1,1
DA:2,1
DA:3,1
LF:3
LH:3
BRF:0
BRH:0
end_of_record
TN:
SF:src/index.js
FN:8,Validator
FN:17,string
FN:21,number
FN:25,array
FN:29,object
FN:33,addValidator
FNF:6
FNH:6
FNDA:5,Validator
FNDA:3,string
FNDA:4,number
FNDA:1,array
FNDA:1,object
FNDA:2,addValidator
DA:1,1
DA:2,1
DA:3,1
DA:4,1
DA:5,1
DA:6,1
DA:7,1
DA:8,1
DA:9,5
DA:10,5
DA:11,5
DA:12,5
DA:13,5
DA:14,5
DA:15,5
DA:16,1
DA:17,1
DA:18,3
DA:19,3
DA:20,1
DA:21,1
DA:22,4
DA:23,4
DA:24,1
DA:25,1
DA:26,1
DA:27,1
DA:28,1
DA:29,1
DA:30,1
DA:31,1
DA:32,1
DA:33,1
DA:34,2
DA:35,2
DA:36,2
DA:37,2
DA:38,0
DA:39,0
DA:40,2
DA:41,2
DA:42,2
DA:43,1
LF:43
LH:41
BRDA:8,0,0,5
BRDA:17,1,0,3
BRDA:21,2,0,4
BRDA:25,3,0,1
BRDA:29,4,0,1
BRDA:33,5,0,2
BRDA:37,6,0,0
BRF:7
BRH:6
end_of_record
TN:
SF:src/schema/Array.js
FN:6,ArraySchema
FN:13,sizeof
FNF:2
FNH:2
FNDA:1,ArraySchema
FNDA:2,sizeof
DA:1,1
DA:2,1
DA:3,1
DA:4,1
DA:5,1
DA:6,1
DA:7,1
DA:8,1
DA:9,1
DA:10,1
DA:11,1
DA:12,1
DA:13,1
DA:14,1
LF:14
LH:14
BRDA:6,0,0,1
BRDA:13,1,0,2
BRF:2
BRH:2
end_of_record
TN:
SF:src/schema/Numder.js
FN:8,NumberSchema
FN:15,positive
FN:16,range
FNF:3
FNH:3
FNDA:4,NumberSchema
FNDA:8,positive
FNDA:2,range
DA:1,1
DA:2,1
DA:3,1
DA:4,1
DA:5,1
DA:6,1
DA:7,1
DA:8,1
DA:9,4
DA:10,4
DA:11,1
DA:12,1
DA:13,1
DA:14,1
DA:15,1
DA:16,1
DA:17,1
LF:17
LH:17
BRDA:8,0,0,4
BRDA:15,1,0,8
BRDA:15,2,0,4
BRDA:16,3,0,2
BRF:4
BRH:4
end_of_record
TN:
SF:src/schema/Object.js
FN:6,ObjectSchema
FN:10,shape
FN:11,validate
FN:27,withShape
FNF:4
FNH:4
FNDA:1,ObjectSchema
FNDA:1,shape
FNDA:4,validate
FNDA:4,withShape
DA:1,1
DA:2,1
DA:3,1
DA:4,1
DA:5,1
DA:6,1
DA:7,1
DA:8,1
DA:9,1
DA:10,1
DA:11,1
DA:12,4
DA:13,7
DA:14,7
DA:15,7
DA:16,4
DA:17,4
DA:18,4
DA:19,1
DA:20,1
DA:21,1
DA:22,1
DA:23,1
DA:24,1
DA:25,1
DA:26,1
DA:27,1
DA:28,1
LF:28
LH:28
BRDA:6,0,0,1
BRDA:10,1,0,1
BRDA:11,2,0,4
BRDA:12,3,0,7
BRDA:27,4,0,4
BRF:5
BRH:5
end_of_record
TN:
SF:src/schema/String.js
FN:6,StringSchema
FN:15,required
FN:16,minLength
FN:17,contains
FNF:4
FNH:4
FNDA:3,StringSchema
FNDA:10,required
FNDA:1,minLength
FNDA:4,contains
DA:1,1
DA:2,1
DA:3,1
DA:4,1
DA:5,1
DA:6,1
DA:7,3
DA:8,3
DA:9,3
DA:10,3
DA:11,1
DA:12,1
DA:13,1
DA:14,1
DA:15,1
DA:16,1
DA:17,1
DA:18,1
LF:18
LH:18
BRDA:6,0,0,3
BRDA:15,1,0,10
BRDA:16,2,0,1
BRDA:17,3,0,4
BRF:4
BRH:4
end_of_record
TN:
SF:src/schema/app.js
FNF:0
FNH:0
DA:1,1
DA:2,1
DA:3,1
DA:4,1
DA:5,1
DA:6,1
LF:6
LH:6
BRF:0
BRH:0
end_of_record
TN:
SF:src/schema/schema.js
FN:2,BaseSchema
FN:9,value
FN:19,addCheck
FN:29,isValid
FN:36,test
FNF:5
FNH:5
FNDA:9,BaseSchema
FNDA:12,value
FNDA:18,addCheck
FNDA:40,isValid
FNDA:2,test
DA:1,1
DA:2,1
DA:3,9
DA:4,9
DA:5,9
DA:6,9
DA:7,9
DA:8,31
DA:9,31
DA:10,12
DA:11,12
DA:12,12
DA:13,31
DA:14,31
DA:15,31
DA:16,31
DA:17,9
DA:18,1
DA:19,1
DA:20,18
DA:21,18
DA:22,18
DA:23,18
DA:24,18
DA:25,18
DA:26,18
DA:27,18
DA:28,1
DA:29,1
DA:30,40
DA:31,66
DA:32,66
DA:33,66
DA:34,40
DA:35,1
DA:36,1
DA:37,2
DA:38,2
DA:39,2
DA:40,1
LF:40
LH:40
BRDA:2,0,0,9
BRDA:7,1,0,31
BRDA:9,2,0,12
BRDA:19,3,0,18
BRDA:29,4,0,40
BRDA:30,5,0,66
BRDA:36,6,0,2
BRF:7
BRH:7
end_of_record
